<?xml version="1.0" encoding="UTF-8"?>
<!-- Generated by org.testng.reporters.JUnitReportReporter -->
<testsuite hostname="Nikhilchauhan" name="com.gl.smoke.pom.tests.DemoTests" tests="5" failures="0" timestamp="14 May 2017 13:29:23 GMT" time="187.126" errors="1">
  <testcase name="To_Verify_Page_Load" time="0.228" classname="com.gl.smoke.pom.tests.DemoTests"/>
  <testcase name="To_Verify_Generate_Test_Button" time="122.374" classname="com.gl.smoke.pom.tests.DemoTests"/>
  <testcase name="To_Verify_Create_Account_Button" time="14.898" classname="com.gl.smoke.pom.tests.DemoTests">
    <error type="java.lang.NullPointerException">
      <![CDATA[java.lang.NullPointerException
	at com.gl.smoke.selenium.wrapper.Wrapper.findWebElement(Wrapper.java:143)
	at com.gl.smoke.selenium.wrapper.Wrapper.getElementText(Wrapper.java:22)
	at com.gl.smoke.pom.core.Dashboard.verifyWelcomeAlert(Dashboard.java:22)
	at com.gl.smoke.pom.tests.DemoTests.To_Verify_Create_Account_Button(DemoTests.java:74)
	at sun.reflect.NativeMethodAccessorImpl.invoke0(Native Method)
	at sun.reflect.NativeMethodAccessorImpl.invoke(NativeMethodAccessorImpl.java:62)
	at sun.reflect.DelegatingMethodAccessorImpl.invoke(DelegatingMethodAccessorImpl.java:43)
	at java.lang.reflect.Method.invoke(Method.java:498)
	at org.testng.internal.MethodInvocationHelper.invokeMethod(MethodInvocationHelper.java:85)
	at org.testng.internal.Invoker.invokeMethod(Invoker.java:639)
	at org.testng.internal.Invoker.invokeTestMethod(Invoker.java:816)
	at org.testng.internal.Invoker.invokeTestMethods(Invoker.java:1124)
	at org.testng.internal.TestMethodWorker.invokeTestMethods(TestMethodWorker.java:125)
	at org.testng.internal.TestMethodWorker.run(TestMethodWorker.java:108)
	at org.testng.TestRunner.privateRun(TestRunner.java:774)
	at org.testng.TestRunner.run(TestRunner.java:624)
	at org.testng.SuiteRunner.runTest(SuiteRunner.java:359)
	at org.testng.SuiteRunner.runSequentially(SuiteRunner.java:354)
	at org.testng.SuiteRunner.privateRun(SuiteRunner.java:312)
	at org.testng.SuiteRunner.run(SuiteRunner.java:261)
	at org.testng.SuiteRunnerWorker.runSuite(SuiteRunnerWorker.java:52)
	at org.testng.SuiteRunnerWorker.run(SuiteRunnerWorker.java:86)
	at org.testng.TestNG.runSuitesSequentially(TestNG.java:1215)
	at org.testng.TestNG.runSuitesLocally(TestNG.java:1140)
	at org.testng.TestNG.run(TestNG.java:1048)
	at com.gl.smoke.main.MainClass.main(MainClass.java:24)
]]>
    </error>
  </testcase> <!-- To_Verify_Create_Account_Button -->
  <testcase name="To_Verify_Analyze_My_App_Button" time="47.258" classname="com.gl.smoke.pom.tests.DemoTests"/>
  <testcase name="To_Verify_Enter_Credentials_for_Mysitecom" time="2.368" classname="com.gl.smoke.pom.tests.DemoTests"/>
</testsuite> <!-- com.gl.smoke.pom.tests.DemoTests -->
